<?xml version="1.0" encoding="UTF-8"?>
<!-- Generated by org.testng.reporters.JUnitReportReporter -->
<testsuite hostname="DESKTOP-M3C05E4" failures="0" tests="2" name="get_mail.get_mail.NewTest" time="11.575" errors="0" timestamp="18 Jan 2022 16:42:52 GMT">
  <testcase classname="get_mail.get_mail.NewTest" name="AssertSubjectMail" time="2.001"/>
  <testcase classname="get_mail.get_mail.NewTest" name="AssertMailFrom" time="9.574"/>
</testsuite> <!-- get_mail.get_mail.NewTest -->
