<?xml version="1.0" encoding="UTF-8"?>
<!-- Generated by org.testng.reporters.JUnitReportReporter -->
<testsuite hostname="DESKTOP-M3C05E4" failures="0" tests="2" name="get_mail.get_mail.ExtentReportsClass" time="6.055" errors="0" timestamp="18 Jan 2022 19:26:43 GMT">
  <testcase classname="get_mail.get_mail.ExtentReportsClass" name="AssertSubjectMail" time="2.586"/>
  <testcase classname="get_mail.get_mail.ExtentReportsClass" name="AssertMailFrom" time="3.469"/>
</testsuite> <!-- get_mail.get_mail.ExtentReportsClass -->
