<?xml version="1.0" encoding="UTF-8"?>
<!-- Generated by org.testng.reporters.JUnitReportReporter -->
<testsuite hostname="DESKTOP-RBMAVSC" failures="0" tests="2" name="get_mail.get_mail.ExtentReportsTest" time="5.574" errors="0" timestamp="20 Jan 2022 09:46:28 GMT">
  <testcase classname="get_mail.get_mail.ExtentReportsTest" name="AssertSubjectMail" time="2.628"/>
  <testcase classname="get_mail.get_mail.ExtentReportsTest" name="AssertMailFrom" time="2.946"/>
</testsuite> <!-- get_mail.get_mail.ExtentReportsTest -->
